<?xml version="1.0" encoding="UTF-8"?>
<testsuite xmlns:xsi="http://www.w3.org/2001/XMLSchema-instance" xsi:noNamespaceSchemaLocation="https://maven.apache.org/surefire/maven-surefire-plugin/xsd/surefire-test-report.xsd" name="org.example.AppTest" time="0.371" tests="1" errors="0" skipped="0" failures="0">
  <properties>
    <property name="sun.desktop" value="windows"/>
    <property name="awt.toolkit" value="sun.awt.windows.WToolkit"/>
    <property name="java.specification.version" value="11"/>
    <property name="sun.cpu.isalist" value="amd64"/>
    <property name="sun.jnu.encoding" value="Cp1252"/>
    <property name="java.class.path" value="C:\Users\Theo\Documents\ESGI\COURS\Outils et techniques de développement\El_Presidente-main\target\test-classes;C:\Users\Theo\Documents\ESGI\COURS\Outils et techniques de développement\El_Presidente-main\target\classes;C:\Users\Theo\.m2\repository\junit\junit\4.13\junit-4.13.jar;C:\Users\Theo\.m2\repository\org\hamcrest\hamcrest-core\1.3\hamcrest-core-1.3.jar;C:\Users\Theo\.m2\repository\com\googlecode\json-simple\json-simple\1.1.1\json-simple-1.1.1.jar;C:\Users\Theo\.m2\repository\com\fasterxml\jackson\core\jackson-databind\2.9.0.pr2\jackson-databind-2.9.0.pr2.jar;C:\Users\Theo\.m2\repository\com\fasterxml\jackson\core\jackson-annotations\2.9.0.pr2\jackson-annotations-2.9.0.pr2.jar;C:\Users\Theo\.m2\repository\com\fasterxml\jackson\core\jackson-core\2.9.0.pr2\jackson-core-2.9.0.pr2.jar;"/>
    <property name="java.vm.vendor" value="JetBrains s.r.o"/>
    <property name="sun.arch.data.model" value="64"/>
    <property name="user.variant" value=""/>
    <property name="java.vendor.url" value="https://www.jetbrains.com/"/>
    <property name="user.timezone" value="Europe/Paris"/>
    <property name="java.vm.specification.version" value="11"/>
    <property name="os.name" value="Windows 10"/>
    <property name="sun.java.launcher" value="SUN_STANDARD"/>
    <property name="user.country" value="FR"/>
    <property name="sun.boot.library.path" value="C:\Users\Theo\AppData\Local\JetBrains\Toolbox\apps\IDEA-U\ch-0\193.6911.18\jbr\bin"/>
    <property name="sun.java.command" value="C:\Users\Theo\AppData\Local\Temp\surefire9252077658849645039\surefirebooter13527557503291656140.jar C:\Users\Theo\AppData\Local\Temp\surefire9252077658849645039 2021-03-07T16-58-51_899-jvmRun1 surefire7814688148107050414tmp surefire_01290993463232121527tmp"/>
    <property name="jdk.debug" value="release"/>
    <property name="surefire.test.class.path" value="C:\Users\Theo\Documents\ESGI\COURS\Outils et techniques de développement\El_Presidente-main\target\test-classes;C:\Users\Theo\Documents\ESGI\COURS\Outils et techniques de développement\El_Presidente-main\target\classes;C:\Users\Theo\.m2\repository\junit\junit\4.13\junit-4.13.jar;C:\Users\Theo\.m2\repository\org\hamcrest\hamcrest-core\1.3\hamcrest-core-1.3.jar;C:\Users\Theo\.m2\repository\com\googlecode\json-simple\json-simple\1.1.1\json-simple-1.1.1.jar;C:\Users\Theo\.m2\repository\com\fasterxml\jackson\core\jackson-databind\2.9.0.pr2\jackson-databind-2.9.0.pr2.jar;C:\Users\Theo\.m2\repository\com\fasterxml\jackson\core\jackson-annotations\2.9.0.pr2\jackson-annotations-2.9.0.pr2.jar;C:\Users\Theo\.m2\repository\com\fasterxml\jackson\core\jackson-core\2.9.0.pr2\jackson-core-2.9.0.pr2.jar;"/>
    <property name="sun.cpu.endian" value="little"/>
    <property name="user.home" value="C:\Users\Theo"/>
    <property name="user.language" value="fr"/>
    <property name="java.specification.vendor" value="Oracle Corporation"/>
    <property name="java.version.date" value="2020-01-14"/>
    <property name="java.home" value="C:\Users\Theo\AppData\Local\JetBrains\Toolbox\apps\IDEA-U\ch-0\193.6911.18\jbr"/>
    <property name="file.separator" value="\"/>
    <property name="basedir" value="C:\Users\Theo\Documents\ESGI\COURS\Outils et techniques de développement\El_Presidente-main"/>
    <property name="java.vm.compressedOopsMode" value="32-bit"/>
    <property name="line.separator" value="&#10;"/>
    <property name="java.specification.name" value="Java Platform API Specification"/>
    <property name="java.vm.specification.vendor" value="Oracle Corporation"/>
    <property name="java.awt.graphicsenv" value="sun.awt.Win32GraphicsEnvironment"/>
    <property name="surefire.real.class.path" value="C:\Users\Theo\AppData\Local\Temp\surefire9252077658849645039\surefirebooter13527557503291656140.jar"/>
    <property name="user.script" value=""/>
    <property name="sun.management.compiler" value="HotSpot 64-Bit Tiered Compilers"/>
    <property name="java.runtime.version" value="11.0.6+8-b520.43"/>
    <property name="user.name" value="Theo"/>
    <property name="path.separator" value=";"/>
    <property name="os.version" value="10.0"/>
    <property name="java.runtime.name" value="OpenJDK Runtime Environment"/>
    <property name="file.encoding" value="Cp1252"/>
    <property name="java.vm.name" value="OpenJDK 64-Bit Server VM"/>
    <property name="localRepository" value="C:\Users\Theo\.m2\repository"/>
    <property name="java.vendor.url.bug" value="https://youtrack.jetbrains.com"/>
    <property name="java.io.tmpdir" value="C:\Users\Theo\AppData\Local\Temp\"/>
    <property name="java.version" value="11.0.6"/>
    <property name="user.dir" value="C:\Users\Theo\Documents\ESGI\COURS\Outils et techniques de développement\El_Presidente-main"/>
    <property name="os.arch" value="amd64"/>
    <property name="java.vm.specification.name" value="Java Virtual Machine Specification"/>
    <property name="java.awt.printerjob" value="sun.awt.windows.WPrinterJob"/>
    <property name="sun.os.patch.level" value=""/>
    <property name="idea.version2019.3.4" value="true"/>
    <property name="java.library.path" value="C:\Users\Theo\AppData\Local\JetBrains\Toolbox\apps\IDEA-U\ch-0\193.6911.18\jbr\bin;C:\Windows\Sun\Java\bin;C:\Windows\system32;C:\Windows;C:\ProgramData\DockerDesktop\version-bin;C:\Program Files\Docker\Docker\Resources\bin;C:\Program Files\AdoptOpenJDK\jdk-11.0.5.10-hotspot\bin;C:\oraclexe\app\oracle\product\11.2.0\server\bin;C:\Program Files (x86)\Common Files\Oracle\Java\javapath;C:\Windows\system32;C:\Windows;C:\Windows\System32\Wbem;C:\Windows\System32\WindowsPowerShell\v1.0\;C:\Windows\System32\OpenSSH\;C:\Program Files\Intel\WiFi\bin\;C:\Program Files\Common Files\Intel\WirelessCommon\;C:\Program Files\Git\cmd;C:\Program Files\nodejs\;C:\Program Files (x86)\Graphviz2.38\bin;C:\Users\Theo\AppData\Local\Microsoft\WindowsApps;C:\Users\Theo\AppData\Local\Programs\Microsoft VS Code\bin;C:\Users\Theo\AppData\Local\GitHubDesktop\bin;C:\Users\Theo\AppData\Roaming\npm;."/>
    <property name="java.vendor" value="JetBrains s.r.o"/>
    <property name="java.vm.info" value="mixed mode"/>
    <property name="java.vm.version" value="11.0.6+8-b520.43"/>
    <property name="sun.io.unicode.encoding" value="UnicodeLittle"/>
    <property name="java.class.version" value="55.0"/>
  </properties>
  <testcase name="shouldAnswerWithTrue" classname="org.example.AppTest" time="0.011"/>
</testsuite>